{"code":"ER_ACCESS_DENIED_ERROR","errno":1045,"level":"error","message":"Database connection failed: Access denied for user 'root'@'localhost' (using password: NO)","service":"sms-backend","sqlMessage":"Access denied for user 'root'@'localhost' (using password: NO)","sqlState":"28000","stack":"Error: Access denied for user 'root'@'localhost' (using password: NO)\n    at Packet.asError (C:\\Users\\User\\Documents\\ORANGE\\PROJECT\\A I projects\\sms\\backend\\node_modules\\mysql2\\lib\\packets\\packet.js:740:17)\n    at ClientHandshake.execute (C:\\Users\\User\\Documents\\ORANGE\\PROJECT\\A I projects\\sms\\backend\\node_modules\\mysql2\\lib\\commands\\command.js:29:26)\n    at PoolConnection.handlePacket (C:\\Users\\User\\Documents\\ORANGE\\PROJECT\\A I projects\\sms\\backend\\node_modules\\mysql2\\lib\\base\\connection.js:475:34)\n    at PacketParser.onPacket (C:\\Users\\User\\Documents\\ORANGE\\PROJECT\\A I projects\\sms\\backend\\node_modules\\mysql2\\lib\\base\\connection.js:93:12)\n    at PacketParser.executeStart (C:\\Users\\User\\Documents\\ORANGE\\PROJECT\\A I projects\\sms\\backend\\node_modules\\mysql2\\lib\\packet_parser.js:75:16)\n    at Socket.<anonymous> (C:\\Users\\User\\Documents\\ORANGE\\PROJECT\\A I projects\\sms\\backend\\node_modules\\mysql2\\lib\\base\\connection.js:100:25)\n    at Socket.emit (node:events:518:28)\n    at addChunk (node:internal/streams/readable:561:12)\n    at readableAddChunkPushByteMode (node:internal/streams/readable:512:3)\n    at Readable.push (node:internal/streams/readable:392:5)","timestamp":"2025-07-22 14:21:53"}
{"code":"ER_ACCESS_DENIED_ERROR","errno":1045,"level":"error","message":"Database connection failed: Access denied for user 'root'@'localhost' (using password: NO)","service":"sms-backend","sqlMessage":"Access denied for user 'root'@'localhost' (using password: NO)","sqlState":"28000","stack":"Error: Access denied for user 'root'@'localhost' (using password: NO)\n    at Packet.asError (C:\\Users\\User\\Documents\\ORANGE\\PROJECT\\A I projects\\sms\\backend\\node_modules\\mysql2\\lib\\packets\\packet.js:740:17)\n    at ClientHandshake.execute (C:\\Users\\User\\Documents\\ORANGE\\PROJECT\\A I projects\\sms\\backend\\node_modules\\mysql2\\lib\\commands\\command.js:29:26)\n    at PoolConnection.handlePacket (C:\\Users\\User\\Documents\\ORANGE\\PROJECT\\A I projects\\sms\\backend\\node_modules\\mysql2\\lib\\base\\connection.js:475:34)\n    at PacketParser.onPacket (C:\\Users\\User\\Documents\\ORANGE\\PROJECT\\A I projects\\sms\\backend\\node_modules\\mysql2\\lib\\base\\connection.js:93:12)\n    at PacketParser.executeStart (C:\\Users\\User\\Documents\\ORANGE\\PROJECT\\A I projects\\sms\\backend\\node_modules\\mysql2\\lib\\packet_parser.js:75:16)\n    at Socket.<anonymous> (C:\\Users\\User\\Documents\\ORANGE\\PROJECT\\A I projects\\sms\\backend\\node_modules\\mysql2\\lib\\base\\connection.js:100:25)\n    at Socket.emit (node:events:518:28)\n    at addChunk (node:internal/streams/readable:561:12)\n    at readableAddChunkPushByteMode (node:internal/streams/readable:512:3)\n    at Readable.push (node:internal/streams/readable:392:5)","timestamp":"2025-07-22 14:22:35"}
{"code":"ER_ACCESS_DENIED_ERROR","errno":1045,"level":"error","message":"Database connection failed: Access denied for user 'root'@'localhost' (using password: NO)","service":"sms-backend","sqlMessage":"Access denied for user 'root'@'localhost' (using password: NO)","sqlState":"28000","stack":"Error: Access denied for user 'root'@'localhost' (using password: NO)\n    at Packet.asError (C:\\Users\\User\\Documents\\ORANGE\\PROJECT\\A I projects\\sms\\backend\\node_modules\\mysql2\\lib\\packets\\packet.js:740:17)\n    at ClientHandshake.execute (C:\\Users\\User\\Documents\\ORANGE\\PROJECT\\A I projects\\sms\\backend\\node_modules\\mysql2\\lib\\commands\\command.js:29:26)\n    at PoolConnection.handlePacket (C:\\Users\\User\\Documents\\ORANGE\\PROJECT\\A I projects\\sms\\backend\\node_modules\\mysql2\\lib\\base\\connection.js:475:34)\n    at PacketParser.onPacket (C:\\Users\\User\\Documents\\ORANGE\\PROJECT\\A I projects\\sms\\backend\\node_modules\\mysql2\\lib\\base\\connection.js:93:12)\n    at PacketParser.executeStart (C:\\Users\\User\\Documents\\ORANGE\\PROJECT\\A I projects\\sms\\backend\\node_modules\\mysql2\\lib\\packet_parser.js:75:16)\n    at Socket.<anonymous> (C:\\Users\\User\\Documents\\ORANGE\\PROJECT\\A I projects\\sms\\backend\\node_modules\\mysql2\\lib\\base\\connection.js:100:25)\n    at Socket.emit (node:events:518:28)\n    at addChunk (node:internal/streams/readable:561:12)\n    at readableAddChunkPushByteMode (node:internal/streams/readable:512:3)\n    at Readable.push (node:internal/streams/readable:392:5)","timestamp":"2025-07-23 14:26:46"}
{"code":"ER_BAD_DB_ERROR","errno":1049,"level":"error","message":"Database connection failed: Unknown database 'school_management_system'","service":"sms-backend","sqlMessage":"Unknown database 'school_management_system'","sqlState":"42000","stack":"Error: Unknown database 'school_management_system'\n    at Packet.asError (C:\\Users\\User\\Documents\\ORANGE\\PROJECT\\A I projects\\sms\\backend\\node_modules\\mysql2\\lib\\packets\\packet.js:740:17)\n    at ClientHandshake.execute (C:\\Users\\User\\Documents\\ORANGE\\PROJECT\\A I projects\\sms\\backend\\node_modules\\mysql2\\lib\\commands\\command.js:29:26)\n    at PoolConnection.handlePacket (C:\\Users\\User\\Documents\\ORANGE\\PROJECT\\A I projects\\sms\\backend\\node_modules\\mysql2\\lib\\base\\connection.js:475:34)\n    at PacketParser.onPacket (C:\\Users\\User\\Documents\\ORANGE\\PROJECT\\A I projects\\sms\\backend\\node_modules\\mysql2\\lib\\base\\connection.js:93:12)\n    at PacketParser.executeStart (C:\\Users\\User\\Documents\\ORANGE\\PROJECT\\A I projects\\sms\\backend\\node_modules\\mysql2\\lib\\packet_parser.js:75:16)\n    at Socket.<anonymous> (C:\\Users\\User\\Documents\\ORANGE\\PROJECT\\A I projects\\sms\\backend\\node_modules\\mysql2\\lib\\base\\connection.js:100:25)\n    at Socket.emit (node:events:518:28)\n    at addChunk (node:internal/streams/readable:561:12)\n    at readableAddChunkPushByteMode (node:internal/streams/readable:512:3)\n    at Readable.push (node:internal/streams/readable:392:5)","timestamp":"2025-07-23 14:28:31"}
{"code":"ER_BAD_DB_ERROR","errno":1049,"level":"error","message":"Database connection failed: Unknown database 'school_management_system'","service":"sms-backend","sqlMessage":"Unknown database 'school_management_system'","sqlState":"42000","stack":"Error: Unknown database 'school_management_system'\n    at Packet.asError (C:\\Users\\User\\Documents\\ORANGE\\PROJECT\\A I projects\\sms\\backend\\node_modules\\mysql2\\lib\\packets\\packet.js:740:17)\n    at ClientHandshake.execute (C:\\Users\\User\\Documents\\ORANGE\\PROJECT\\A I projects\\sms\\backend\\node_modules\\mysql2\\lib\\commands\\command.js:29:26)\n    at PoolConnection.handlePacket (C:\\Users\\User\\Documents\\ORANGE\\PROJECT\\A I projects\\sms\\backend\\node_modules\\mysql2\\lib\\base\\connection.js:475:34)\n    at PacketParser.onPacket (C:\\Users\\User\\Documents\\ORANGE\\PROJECT\\A I projects\\sms\\backend\\node_modules\\mysql2\\lib\\base\\connection.js:93:12)\n    at PacketParser.executeStart (C:\\Users\\User\\Documents\\ORANGE\\PROJECT\\A I projects\\sms\\backend\\node_modules\\mysql2\\lib\\packet_parser.js:75:16)\n    at Socket.<anonymous> (C:\\Users\\User\\Documents\\ORANGE\\PROJECT\\A I projects\\sms\\backend\\node_modules\\mysql2\\lib\\base\\connection.js:100:25)\n    at Socket.emit (node:events:518:28)\n    at addChunk (node:internal/streams/readable:561:12)\n    at readableAddChunkPushByteMode (node:internal/streams/readable:512:3)\n    at Readable.push (node:internal/streams/readable:392:5)","timestamp":"2025-07-23 14:28:35"}
{"level":"info","message":"Database connection pool created successfully","service":"sms-backend","timestamp":"2025-07-23 14:30:53"}
{"level":"info","message":"Database connected successfully","service":"sms-backend","timestamp":"2025-07-23 14:30:53"}
{"level":"info","message":"Server running on port 5000 in development mode","service":"sms-backend","timestamp":"2025-07-23 14:30:53"}
{"level":"info","message":"Database connection pool created successfully","service":"sms-backend","timestamp":"2025-07-23 14:36:13"}
{"level":"info","message":"Database connected successfully","service":"sms-backend","timestamp":"2025-07-23 14:36:13"}
{"level":"info","message":"Server running on port 5000 in development mode","service":"sms-backend","timestamp":"2025-07-23 14:36:13"}
{"level":"info","message":"Database connection pool created successfully","service":"sms-backend","timestamp":"2025-07-23 14:36:47"}
{"level":"info","message":"Database connected successfully","service":"sms-backend","timestamp":"2025-07-23 14:36:47"}
{"level":"info","message":"Server running on port 5000 in development mode","service":"sms-backend","timestamp":"2025-07-23 14:36:47"}
{"level":"info","message":"Database connection pool created successfully","service":"sms-backend","timestamp":"2025-07-23 14:37:32"}
{"level":"info","message":"Database connected successfully","service":"sms-backend","timestamp":"2025-07-23 14:37:32"}
{"level":"info","message":"Server running on port 5000 in development mode","service":"sms-backend","timestamp":"2025-07-23 14:37:32"}
{"level":"info","message":"Database connection pool created successfully","service":"sms-backend","timestamp":"2025-07-23 14:38:12"}
{"level":"info","message":"Database connected successfully","service":"sms-backend","timestamp":"2025-07-23 14:38:12"}
{"level":"info","message":"Server running on port 5000 in development mode","service":"sms-backend","timestamp":"2025-07-23 14:38:12"}
{"level":"info","message":"Database connection pool created successfully","service":"sms-backend","timestamp":"2025-07-23 14:38:52"}
{"level":"info","message":"Database connected successfully","service":"sms-backend","timestamp":"2025-07-23 14:38:52"}
{"level":"info","message":"Server running on port 5000 in development mode","service":"sms-backend","timestamp":"2025-07-23 14:38:52"}
{"level":"info","message":"Database connection pool created successfully","service":"sms-backend","timestamp":"2025-07-23 14:39:34"}
{"level":"info","message":"Database connected successfully","service":"sms-backend","timestamp":"2025-07-23 14:39:34"}
{"level":"info","message":"Server running on port 5000 in development mode","service":"sms-backend","timestamp":"2025-07-23 14:39:34"}
{"level":"info","message":"Database connection pool created successfully","service":"sms-backend","timestamp":"2025-07-23 14:40:26"}
{"level":"info","message":"Database connected successfully","service":"sms-backend","timestamp":"2025-07-23 14:40:26"}
{"level":"info","message":"Server running on port 5000 in development mode","service":"sms-backend","timestamp":"2025-07-23 14:40:26"}
{"level":"info","message":"Database connection pool created successfully","service":"sms-backend","timestamp":"2025-07-23 14:41:21"}
{"level":"info","message":"Database connected successfully","service":"sms-backend","timestamp":"2025-07-23 14:41:21"}
{"level":"info","message":"Server running on port 5000 in development mode","service":"sms-backend","timestamp":"2025-07-23 14:41:21"}
{"level":"info","message":"Database connection pool created successfully","service":"sms-backend","timestamp":"2025-07-23 14:41:39"}
{"level":"info","message":"Database connected successfully","service":"sms-backend","timestamp":"2025-07-23 14:41:39"}
{"level":"info","message":"Server running on port 5000 in development mode","service":"sms-backend","timestamp":"2025-07-23 14:41:39"}
{"level":"info","message":"Database connection pool created successfully","service":"sms-backend","timestamp":"2025-07-23 14:42:03"}
{"level":"info","message":"Database connected successfully","service":"sms-backend","timestamp":"2025-07-23 14:42:03"}
{"level":"info","message":"Server running on port 5000 in development mode","service":"sms-backend","timestamp":"2025-07-23 14:42:03"}
{"level":"info","message":"Database connection pool created successfully","service":"sms-backend","timestamp":"2025-07-23 14:56:13"}
{"level":"info","message":"Database connected successfully","service":"sms-backend","timestamp":"2025-07-23 14:56:13"}
{"level":"info","message":"Server running on port 5000 in development mode","service":"sms-backend","timestamp":"2025-07-23 14:56:13"}
{"level":"info","message":"SIGINT received. Shutting down gracefully...","service":"sms-backend","timestamp":"2025-07-23 14:56:49"}
{"level":"info","message":"Starting database migration process...","service":"sms-backend","timestamp":"2025-07-23 14:57:01"}
{"level":"info","message":"Database connection pool created successfully","service":"sms-backend","timestamp":"2025-07-23 14:57:01"}
{"level":"info","message":"Database connection established","service":"sms-backend","timestamp":"2025-07-23 14:57:01"}
{"level":"info","message":"Migrations table created or already exists","service":"sms-backend","timestamp":"2025-07-23 14:57:01"}
{"level":"info","message":"Found 7 pending migrations","service":"sms-backend","timestamp":"2025-07-23 14:57:01"}
{"level":"info","message":"Executing migration: 001_create_users_and_auth_tables.js","service":"sms-backend","timestamp":"2025-07-23 14:57:01"}
{"level":"info","message":"Creating users and authentication tables...","service":"sms-backend","timestamp":"2025-07-23 14:57:01"}
{"level":"info","message":"Users and authentication tables created successfully","service":"sms-backend","timestamp":"2025-07-23 14:57:02"}
{"level":"info","message":"Migration completed: 001_create_users_and_auth_tables.js","service":"sms-backend","timestamp":"2025-07-23 14:57:02"}
{"level":"info","message":"Executing migration: 002_create_academic_structure_tables.js","service":"sms-backend","timestamp":"2025-07-23 14:57:02"}
{"level":"info","message":"Creating academic structure tables...","service":"sms-backend","timestamp":"2025-07-23 14:57:02"}
{"level":"info","message":"Academic structure tables created successfully","service":"sms-backend","timestamp":"2025-07-23 14:57:02"}
{"level":"info","message":"Migration completed: 002_create_academic_structure_tables.js","service":"sms-backend","timestamp":"2025-07-23 14:57:02"}
{"level":"info","message":"Executing migration: 003_create_assessment_and_grading_tables.js","service":"sms-backend","timestamp":"2025-07-23 14:57:02"}
{"level":"info","message":"Creating assessment and grading tables...","service":"sms-backend","timestamp":"2025-07-23 14:57:02"}
{"error":"Expression of generated column 'percentage' contains a disallowed function.","level":"error","message":"Database query error:","params":[],"query":"\n    CREATE TABLE IF NOT EXISTS assessment_results (\n      id INT AUTO_INCREMENT PRIMARY KEY,\n      assessment_id INT NOT NULL,\n      student_id INT NOT NULL,\n      marks_obtained DECIMAL(5,2) NOT NULL,\n      percentage DECIMAL(5,2) GENERATED ALWAYS AS ((marks_obtained / (SELECT total_marks FROM assessments WHERE id = assessment_id)) * 100) STORED,\n      grade VARCHAR(5),\n      remarks TEXT,\n      is_absent BOOLEAN DEFAULT FALSE,\n      submission_date TIMESTAMP,\n      graded_by INT,\n      graded_at TIMESTAMP,\n      created_at TIMESTAMP DEFAULT CURRENT_TIMESTAMP,\n      updated_at TIMESTAMP DEFAULT CURRENT_TIMESTAMP ON UPDATE CURRENT_TIMESTAMP,\n      \n      FOREIGN KEY (assessment_id) REFERENCES assessments(id) ON DELETE CASCADE,\n      FOREIGN KEY (student_id) REFERENCES students(id) ON DELETE CASCADE,\n      FOREIGN KEY (graded_by) REFERENCES users(id) ON DELETE SET NULL,\n      INDEX idx_assessment_id (assessment_id),\n      INDEX idx_student_id (student_id),\n      INDEX idx_marks_obtained (marks_obtained),\n      INDEX idx_percentage (percentage),\n      INDEX idx_grade (grade),\n      INDEX idx_is_absent (is_absent),\n      UNIQUE KEY unique_assessment_student (assessment_id, student_id)\n    ) ENGINE=InnoDB DEFAULT CHARSET=utf8mb4 COLLATE=utf8mb4_unicode_ci;\n  ","service":"sms-backend","timestamp":"2025-07-23 14:57:02"}
{"level":"info","message":"Starting database migration process...","service":"sms-backend","timestamp":"2025-07-23 15:03:46"}
{"level":"info","message":"Database connection pool created successfully","service":"sms-backend","timestamp":"2025-07-23 15:03:46"}
{"level":"info","message":"Database connection established","service":"sms-backend","timestamp":"2025-07-23 15:03:46"}
{"level":"info","message":"Migrations table created or already exists","service":"sms-backend","timestamp":"2025-07-23 15:03:46"}
{"level":"info","message":"Found 5 pending migrations","service":"sms-backend","timestamp":"2025-07-23 15:03:46"}
{"level":"info","message":"Executing migration: 003_create_assessment_and_grading_tables.js","service":"sms-backend","timestamp":"2025-07-23 15:03:46"}
{"level":"info","message":"Creating assessment and grading tables...","service":"sms-backend","timestamp":"2025-07-23 15:03:46"}
{"level":"info","message":"Assessment and grading tables created successfully","service":"sms-backend","timestamp":"2025-07-23 15:03:46"}
{"level":"info","message":"Migration completed: 003_create_assessment_and_grading_tables.js","service":"sms-backend","timestamp":"2025-07-23 15:03:46"}
{"level":"info","message":"Executing migration: 004_create_attendance_and_timetable_tables.js","service":"sms-backend","timestamp":"2025-07-23 15:03:46"}
{"level":"info","message":"Creating attendance and timetable tables...","service":"sms-backend","timestamp":"2025-07-23 15:03:46"}
{"level":"info","message":"Attendance and timetable tables created successfully","service":"sms-backend","timestamp":"2025-07-23 15:03:47"}
{"level":"info","message":"Migration completed: 004_create_attendance_and_timetable_tables.js","service":"sms-backend","timestamp":"2025-07-23 15:03:47"}
{"level":"info","message":"Executing migration: 005_create_health_and_library_tables.js","service":"sms-backend","timestamp":"2025-07-23 15:03:47"}
{"level":"info","message":"Creating health records and library tables...","service":"sms-backend","timestamp":"2025-07-23 15:03:47"}
{"level":"info","message":"Health records and library tables created successfully","service":"sms-backend","timestamp":"2025-07-23 15:03:48"}
{"level":"info","message":"Migration completed: 005_create_health_and_library_tables.js","service":"sms-backend","timestamp":"2025-07-23 15:03:48"}
{"level":"info","message":"Starting database migration process...","service":"sms-backend","timestamp":"2025-07-23 15:15:06"}
{"level":"info","message":"Database connection pool created successfully","service":"sms-backend","timestamp":"2025-07-23 15:15:06"}
{"level":"info","message":"Database connection established","service":"sms-backend","timestamp":"2025-07-23 15:15:06"}
{"level":"info","message":"Migrations table created or already exists","service":"sms-backend","timestamp":"2025-07-23 15:15:06"}
{"level":"info","message":"Found 2 pending migrations","service":"sms-backend","timestamp":"2025-07-23 15:15:06"}
{"level":"info","message":"Executing migration: 006_create_transportation_and_communication_tables.js","service":"sms-backend","timestamp":"2025-07-23 15:15:06"}
{"level":"info","message":"Creating transportation and communication tables...","service":"sms-backend","timestamp":"2025-07-23 15:15:06"}
{"level":"info","message":"Transportation and communication tables created successfully","service":"sms-backend","timestamp":"2025-07-23 15:15:06"}
{"level":"info","message":"Migration completed: 006_create_transportation_and_communication_tables.js","service":"sms-backend","timestamp":"2025-07-23 15:15:06"}
{"level":"info","message":"Executing migration: 007_create_fees_and_admin_tables.js","service":"sms-backend","timestamp":"2025-07-23 15:15:06"}
{"level":"info","message":"Creating fees and administrative tables...","service":"sms-backend","timestamp":"2025-07-23 15:15:06"}
{"level":"info","message":"Fees and administrative tables created successfully","service":"sms-backend","timestamp":"2025-07-23 15:15:07"}
{"level":"info","message":"Migration completed: 007_create_fees_and_admin_tables.js","service":"sms-backend","timestamp":"2025-07-23 15:15:07"}
{"level":"info","message":"Database connection pool created successfully","service":"sms-backend","timestamp":"2025-07-23 15:15:39"}
{"level":"info","message":"Database connected successfully","service":"sms-backend","timestamp":"2025-07-23 15:15:39"}
{"level":"info","message":"Server running on port 5000 in development mode","service":"sms-backend","timestamp":"2025-07-23 15:15:39"}
{"level":"error","message":"Authentication error: Invalid token","service":"sms-backend","stack":"Error: Invalid token\n    at verifyAccessToken (C:\\Users\\User\\Documents\\ORANGE\\PROJECT\\A I projects\\sms\\backend\\src\\utils\\jwt.js:63:13)\n    at authenticate (C:\\Users\\User\\Documents\\ORANGE\\PROJECT\\A I projects\\sms\\backend\\src\\middleware\\auth.js:22:21)\n    at newFn (C:\\Users\\User\\Documents\\ORANGE\\PROJECT\\A I projects\\sms\\backend\\node_modules\\express-async-errors\\index.js:16:20)\n    at Layer.handle [as handle_request] (C:\\Users\\User\\Documents\\ORANGE\\PROJECT\\A I projects\\sms\\backend\\node_modules\\express\\lib\\router\\layer.js:95:5)\n    at trim_prefix (C:\\Users\\User\\Documents\\ORANGE\\PROJECT\\A I projects\\sms\\backend\\node_modules\\express\\lib\\router\\index.js:328:13)\n    at C:\\Users\\User\\Documents\\ORANGE\\PROJECT\\A I projects\\sms\\backend\\node_modules\\express\\lib\\router\\index.js:286:9\n    at Function.process_params (C:\\Users\\User\\Documents\\ORANGE\\PROJECT\\A I projects\\sms\\backend\\node_modules\\express\\lib\\router\\index.js:346:12)\n    at next (C:\\Users\\User\\Documents\\ORANGE\\PROJECT\\A I projects\\sms\\backend\\node_modules\\express\\lib\\router\\index.js:280:10)\n    at Function.handle (C:\\Users\\User\\Documents\\ORANGE\\PROJECT\\A I projects\\sms\\backend\\node_modules\\express\\lib\\router\\index.js:175:3)\n    at router (C:\\Users\\User\\Documents\\ORANGE\\PROJECT\\A I projects\\sms\\backend\\node_modules\\express\\lib\\router\\index.js:47:12)","timestamp":"2025-07-23 15:16:29"}
{"level":"info","message":"::1 - - [23/Jul/2025:14:16:29 +0000] \"GET /api/teachers?page=1&limit=10&search=&sort_by=first_name&sort_order=asc HTTP/1.1\" 401 66 \"http://localhost:3000/\" \"Mozilla/5.0 (Windows NT 10.0; Win64; x64) AppleWebKit/537.36 (KHTML, like Gecko) Chrome/138.0.0.0 Safari/537.36\"","service":"sms-backend","timestamp":"2025-07-23 15:16:29"}
{"level":"info","message":"Database connection pool created successfully","service":"sms-backend","timestamp":"2025-07-23 15:28:25"}
{"level":"info","message":"Database connected successfully","service":"sms-backend","timestamp":"2025-07-23 15:28:25"}
{"level":"info","message":"Server running on port 5000 in development mode","service":"sms-backend","timestamp":"2025-07-23 15:28:25"}
{"ip":"::ffff:127.0.0.1","level":"error","message":"Error: Expected ',' or '}' after property value in JSON at position 130 (line 7 column 3)","method":"POST","service":"sms-backend","stack":"SyntaxError: Expected ',' or '}' after property value in JSON at position 130 (line 7 column 3)\n    at JSON.parse (<anonymous>)\n    at parse (C:\\Users\\User\\Documents\\ORANGE\\PROJECT\\A I projects\\sms\\backend\\node_modules\\body-parser\\lib\\types\\json.js:92:19)\n    at C:\\Users\\User\\Documents\\ORANGE\\PROJECT\\A I projects\\sms\\backend\\node_modules\\body-parser\\lib\\read.js:128:18\n    at AsyncResource.runInAsyncScope (node:async_hooks:211:14)\n    at invokeCallback (C:\\Users\\User\\Documents\\ORANGE\\PROJECT\\A I projects\\sms\\backend\\node_modules\\raw-body\\index.js:238:16)\n    at done (C:\\Users\\User\\Documents\\ORANGE\\PROJECT\\A I projects\\sms\\backend\\node_modules\\raw-body\\index.js:227:7)\n    at IncomingMessage.onEnd (C:\\Users\\User\\Documents\\ORANGE\\PROJECT\\A I projects\\sms\\backend\\node_modules\\raw-body\\index.js:287:7)\n    at IncomingMessage.emit (node:events:518:28)\n    at endReadableNT (node:internal/streams/readable:1698:12)\n    at process.processTicksAndRejections (node:internal/process/task_queues:90:21)","timestamp":"2025-07-23 15:29:12","url":"/api/auth","userAgent":"Thunder Client (https://www.thunderclient.com)"}
{"level":"info","message":"::ffff:127.0.0.1 - - [23/Jul/2025:14:29:12 +0000] \"POST /api/auth HTTP/1.1\" 400 - \"-\" \"Thunder Client (https://www.thunderclient.com)\"","service":"sms-backend","timestamp":"2025-07-23 15:29:12"}
{"level":"info","message":"::ffff:127.0.0.1 - - [23/Jul/2025:14:29:26 +0000] \"POST /api/auth HTTP/1.1\" 404 45 \"-\" \"Thunder Client (https://www.thunderclient.com)\"","service":"sms-backend","timestamp":"2025-07-23 15:29:26"}
{"level":"info","message":"Database connection pool created successfully","service":"sms-backend","timestamp":"2025-07-23 15:29:46"}
{"level":"info","message":"Database connected successfully","service":"sms-backend","timestamp":"2025-07-23 15:29:46"}
{"level":"info","message":"Server running on port 5000 in development mode","service":"sms-backend","timestamp":"2025-07-23 15:29:46"}
{"level":"info","message":"::ffff:127.0.0.1 - - [23/Jul/2025:14:29:49 +0000] \"POST /api/auth HTTP/1.1\" 404 45 \"-\" \"Thunder Client (https://www.thunderclient.com)\"","service":"sms-backend","timestamp":"2025-07-23 15:29:49"}
{"level":"error","message":"Authentication error: Invalid token","service":"sms-backend","stack":"Error: Invalid token\n    at verifyAccessToken (C:\\Users\\User\\Documents\\ORANGE\\PROJECT\\A I projects\\sms\\backend\\src\\utils\\jwt.js:63:13)\n    at authenticate (C:\\Users\\User\\Documents\\ORANGE\\PROJECT\\A I projects\\sms\\backend\\src\\middleware\\auth.js:22:21)\n    at newFn (C:\\Users\\User\\Documents\\ORANGE\\PROJECT\\A I projects\\sms\\backend\\node_modules\\express-async-errors\\index.js:16:20)\n    at Layer.handle [as handle_request] (C:\\Users\\User\\Documents\\ORANGE\\PROJECT\\A I projects\\sms\\backend\\node_modules\\express\\lib\\router\\layer.js:95:5)\n    at trim_prefix (C:\\Users\\User\\Documents\\ORANGE\\PROJECT\\A I projects\\sms\\backend\\node_modules\\express\\lib\\router\\index.js:328:13)\n    at C:\\Users\\User\\Documents\\ORANGE\\PROJECT\\A I projects\\sms\\backend\\node_modules\\express\\lib\\router\\index.js:286:9\n    at Function.process_params (C:\\Users\\User\\Documents\\ORANGE\\PROJECT\\A I projects\\sms\\backend\\node_modules\\express\\lib\\router\\index.js:346:12)\n    at next (C:\\Users\\User\\Documents\\ORANGE\\PROJECT\\A I projects\\sms\\backend\\node_modules\\express\\lib\\router\\index.js:280:10)\n    at Function.handle (C:\\Users\\User\\Documents\\ORANGE\\PROJECT\\A I projects\\sms\\backend\\node_modules\\express\\lib\\router\\index.js:175:3)\n    at router (C:\\Users\\User\\Documents\\ORANGE\\PROJECT\\A I projects\\sms\\backend\\node_modules\\express\\lib\\router\\index.js:47:12)","timestamp":"2025-07-23 15:30:37"}
{"level":"info","message":"::ffff:127.0.0.1 - - [23/Jul/2025:14:30:37 +0000] \"POST /api/admin HTTP/1.1\" 401 66 \"-\" \"Thunder Client (https://www.thunderclient.com)\"","service":"sms-backend","timestamp":"2025-07-23 15:30:37"}
{"level":"info","message":"Database connection pool created successfully","service":"sms-backend","timestamp":"2025-07-23 15:31:02"}
{"level":"info","message":"Database connected successfully","service":"sms-backend","timestamp":"2025-07-23 15:31:02"}
{"level":"info","message":"Server running on port 5000 in development mode","service":"sms-backend","timestamp":"2025-07-23 15:31:02"}
{"level":"info","message":"Database connection pool created successfully","service":"sms-backend","timestamp":"2025-07-23 15:31:05"}
{"level":"info","message":"Database connected successfully","service":"sms-backend","timestamp":"2025-07-23 15:31:05"}
{"level":"info","message":"Server running on port 5000 in development mode","service":"sms-backend","timestamp":"2025-07-23 15:31:05"}
{"level":"info","message":"Database connection pool created successfully","service":"sms-backend","timestamp":"2025-07-23 15:31:20"}
{"level":"info","message":"Database connected successfully","service":"sms-backend","timestamp":"2025-07-23 15:31:20"}
{"level":"info","message":"Server running on port 5000 in development mode","service":"sms-backend","timestamp":"2025-07-23 15:31:20"}
{"level":"info","message":"::ffff:127.0.0.1 - - [23/Jul/2025:14:31:24 +0000] \"POST /api/admin HTTP/1.1\" 400 494 \"-\" \"Thunder Client (https://www.thunderclient.com)\"","service":"sms-backend","timestamp":"2025-07-23 15:31:24"}
{"code":"ER_NO_DEFAULT_FOR_FIELD","errno":1364,"level":"error","message":"Transaction error: Field 'uuid' doesn't have a default value","service":"sms-backend","sql":"INSERT INTO users (email, password_hash, user_type, status) VALUES (?, ?, 'admin', 'active')","sqlMessage":"Field 'uuid' doesn't have a default value","sqlState":"HY000","stack":"Error: Field 'uuid' doesn't have a default value\n    at PromisePoolConnection.execute (C:\\Users\\User\\Documents\\ORANGE\\PROJECT\\A I projects\\sms\\backend\\node_modules\\mysql2\\lib\\promise\\connection.js:47:22)\n    at executeTransaction (C:\\Users\\User\\Documents\\ORANGE\\PROJECT\\A I projects\\sms\\backend\\src\\config\\database.js:63:41)\n    at process.processTicksAndRejections (node:internal/process/task_queues:105:5)\n    at async createAdmin (C:\\Users\\User\\Documents\\ORANGE\\PROJECT\\A I projects\\sms\\backend\\src\\controllers\\adminController.js:215:5)","timestamp":"2025-07-23 15:32:16"}
{"code":"ER_NO_DEFAULT_FOR_FIELD","errno":1364,"level":"error","message":"Create admin error: Field 'uuid' doesn't have a default value","service":"sms-backend","sql":"INSERT INTO users (email, password_hash, user_type, status) VALUES (?, ?, 'admin', 'active')","sqlMessage":"Field 'uuid' doesn't have a default value","sqlState":"HY000","stack":"Error: Field 'uuid' doesn't have a default value\n    at PromisePoolConnection.execute (C:\\Users\\User\\Documents\\ORANGE\\PROJECT\\A I projects\\sms\\backend\\node_modules\\mysql2\\lib\\promise\\connection.js:47:22)\n    at executeTransaction (C:\\Users\\User\\Documents\\ORANGE\\PROJECT\\A I projects\\sms\\backend\\src\\config\\database.js:63:41)\n    at process.processTicksAndRejections (node:internal/process/task_queues:105:5)\n    at async createAdmin (C:\\Users\\User\\Documents\\ORANGE\\PROJECT\\A I projects\\sms\\backend\\src\\controllers\\adminController.js:215:5)","timestamp":"2025-07-23 15:32:16"}
{"level":"info","message":"::ffff:127.0.0.1 - - [23/Jul/2025:14:32:16 +0000] \"POST /api/admin HTTP/1.1\" 500 57 \"-\" \"Thunder Client (https://www.thunderclient.com)\"","service":"sms-backend","timestamp":"2025-07-23 15:32:16"}
{"level":"info","message":"Database connection pool created successfully","service":"sms-backend","timestamp":"2025-07-23 15:32:37"}
{"level":"info","message":"Database connected successfully","service":"sms-backend","timestamp":"2025-07-23 15:32:37"}
{"level":"info","message":"Server running on port 5000 in development mode","service":"sms-backend","timestamp":"2025-07-23 15:32:37"}
{"level":"info","message":"Database connection pool created successfully","service":"sms-backend","timestamp":"2025-07-23 15:33:56"}
{"level":"info","message":"Database connected successfully","service":"sms-backend","timestamp":"2025-07-23 15:33:56"}
{"level":"info","message":"Server running on port 5000 in development mode","service":"sms-backend","timestamp":"2025-07-23 15:33:56"}
{"level":"info","message":"Database connection pool created successfully","service":"sms-backend","timestamp":"2025-07-23 15:34:12"}
{"level":"info","message":"Database connected successfully","service":"sms-backend","timestamp":"2025-07-23 15:34:12"}
{"level":"info","message":"Server running on port 5000 in development mode","service":"sms-backend","timestamp":"2025-07-23 15:34:12"}
{"level":"info","message":"Database connection pool created successfully","service":"sms-backend","timestamp":"2025-07-23 15:34:49"}
{"level":"info","message":"Database connected successfully","service":"sms-backend","timestamp":"2025-07-23 15:34:49"}
{"level":"info","message":"Server running on port 5000 in development mode","service":"sms-backend","timestamp":"2025-07-23 15:34:49"}
{"level":"info","message":"Database connection pool created successfully","service":"sms-backend","timestamp":"2025-07-23 15:36:26"}
{"level":"info","message":"Database connected successfully","service":"sms-backend","timestamp":"2025-07-23 15:36:26"}
{"level":"info","message":"Server running on port 5000 in development mode","service":"sms-backend","timestamp":"2025-07-23 15:36:26"}
{"level":"info","message":"Database connection pool created successfully","service":"sms-backend","timestamp":"2025-07-23 15:37:40"}
{"level":"info","message":"Database connected successfully","service":"sms-backend","timestamp":"2025-07-23 15:37:40"}
{"level":"info","message":"Server running on port 5000 in development mode","service":"sms-backend","timestamp":"2025-07-23 15:37:40"}
{"level":"info","message":"Database connection pool created successfully","service":"sms-backend","timestamp":"2025-07-23 15:37:51"}
{"level":"info","message":"Database connected successfully","service":"sms-backend","timestamp":"2025-07-23 15:37:51"}
{"level":"info","message":"Server running on port 5000 in development mode","service":"sms-backend","timestamp":"2025-07-23 15:37:51"}
{"level":"info","message":"Database connection pool created successfully","service":"sms-backend","timestamp":"2025-07-23 15:39:01"}
{"level":"info","message":"Database connected successfully","service":"sms-backend","timestamp":"2025-07-23 15:39:01"}
{"level":"info","message":"Server running on port 5000 in development mode","service":"sms-backend","timestamp":"2025-07-23 15:39:01"}
{"level":"info","message":"Database connection pool created successfully","service":"sms-backend","timestamp":"2025-07-23 15:39:46"}
{"level":"info","message":"Database connected successfully","service":"sms-backend","timestamp":"2025-07-23 15:39:46"}
{"level":"info","message":"Server running on port 5000 in development mode","service":"sms-backend","timestamp":"2025-07-23 15:39:46"}
{"level":"info","message":"Database connection pool created successfully","service":"sms-backend","timestamp":"2025-07-23 15:40:30"}
{"level":"info","message":"Database connected successfully","service":"sms-backend","timestamp":"2025-07-23 15:40:30"}
{"level":"info","message":"Server running on port 5000 in development mode","service":"sms-backend","timestamp":"2025-07-23 15:40:30"}
{"level":"info","message":"Database connection pool created successfully","service":"sms-backend","timestamp":"2025-07-23 15:40:47"}
{"level":"info","message":"Database connected successfully","service":"sms-backend","timestamp":"2025-07-23 15:40:47"}
{"level":"info","message":"Server running on port 5000 in development mode","service":"sms-backend","timestamp":"2025-07-23 15:40:47"}
{"level":"info","message":"Database connection pool created successfully","service":"sms-backend","timestamp":"2025-07-23 15:41:16"}
{"level":"info","message":"Database connected successfully","service":"sms-backend","timestamp":"2025-07-23 15:41:16"}
{"level":"info","message":"Server running on port 5000 in development mode","service":"sms-backend","timestamp":"2025-07-23 15:41:16"}
{"level":"info","message":"Database connection pool created successfully","service":"sms-backend","timestamp":"2025-07-23 15:44:05"}
{"level":"info","message":"Database connected successfully","service":"sms-backend","timestamp":"2025-07-23 15:44:05"}
{"level":"info","message":"Server running on port 5000 in development mode","service":"sms-backend","timestamp":"2025-07-23 15:44:05"}
{"level":"error","message":"Authentication error: Invalid token","service":"sms-backend","stack":"Error: Invalid token\n    at verifyAccessToken (C:\\Users\\User\\Documents\\ORANGE\\PROJECT\\A I projects\\sms\\backend\\src\\utils\\jwt.js:63:13)\n    at authenticate (C:\\Users\\User\\Documents\\ORANGE\\PROJECT\\A I projects\\sms\\backend\\src\\middleware\\auth.js:22:21)\n    at newFn (C:\\Users\\User\\Documents\\ORANGE\\PROJECT\\A I projects\\sms\\backend\\node_modules\\express-async-errors\\index.js:16:20)\n    at Layer.handle [as handle_request] (C:\\Users\\User\\Documents\\ORANGE\\PROJECT\\A I projects\\sms\\backend\\node_modules\\express\\lib\\router\\layer.js:95:5)\n    at trim_prefix (C:\\Users\\User\\Documents\\ORANGE\\PROJECT\\A I projects\\sms\\backend\\node_modules\\express\\lib\\router\\index.js:328:13)\n    at C:\\Users\\User\\Documents\\ORANGE\\PROJECT\\A I projects\\sms\\backend\\node_modules\\express\\lib\\router\\index.js:286:9\n    at Function.process_params (C:\\Users\\User\\Documents\\ORANGE\\PROJECT\\A I projects\\sms\\backend\\node_modules\\express\\lib\\router\\index.js:346:12)\n    at next (C:\\Users\\User\\Documents\\ORANGE\\PROJECT\\A I projects\\sms\\backend\\node_modules\\express\\lib\\router\\index.js:280:10)\n    at Function.handle (C:\\Users\\User\\Documents\\ORANGE\\PROJECT\\A I projects\\sms\\backend\\node_modules\\express\\lib\\router\\index.js:175:3)\n    at router (C:\\Users\\User\\Documents\\ORANGE\\PROJECT\\A I projects\\sms\\backend\\node_modules\\express\\lib\\router\\index.js:47:12)","timestamp":"2025-07-23 15:44:08"}
{"level":"info","message":"::ffff:127.0.0.1 - - [23/Jul/2025:14:44:08 +0000] \"POST /api/admin HTTP/1.1\" 401 66 \"-\" \"Thunder Client (https://www.thunderclient.com)\"","service":"sms-backend","timestamp":"2025-07-23 15:44:08"}
{"level":"info","message":"Database connection pool created successfully","service":"sms-backend","timestamp":"2025-07-23 15:44:22"}
{"level":"info","message":"Database connected successfully","service":"sms-backend","timestamp":"2025-07-23 15:44:22"}
{"level":"info","message":"Server running on port 5000 in development mode","service":"sms-backend","timestamp":"2025-07-23 15:44:22"}
{"code":"ER_BAD_NULL_ERROR","errno":1048,"level":"error","message":"Transaction error: Column 'role_id' cannot be null","service":"sms-backend","sql":"INSERT INTO user_roles (user_id, role_id) VALUES (LAST_INSERT_ID(), (SELECT id FROM roles WHERE name = ? LIMIT 1))","sqlMessage":"Column 'role_id' cannot be null","sqlState":"23000","stack":"Error: Column 'role_id' cannot be null\n    at PromisePoolConnection.execute (C:\\Users\\User\\Documents\\ORANGE\\PROJECT\\A I projects\\sms\\backend\\node_modules\\mysql2\\lib\\promise\\connection.js:47:22)\n    at executeTransaction (C:\\Users\\User\\Documents\\ORANGE\\PROJECT\\A I projects\\sms\\backend\\src\\config\\database.js:63:41)\n    at process.processTicksAndRejections (node:internal/process/task_queues:105:5)\n    at async createAdmin (C:\\Users\\User\\Documents\\ORANGE\\PROJECT\\A I projects\\sms\\backend\\src\\controllers\\adminController.js:244:5)","timestamp":"2025-07-23 15:44:24"}
{"code":"ER_BAD_NULL_ERROR","errno":1048,"level":"error","message":"Create admin error: Column 'role_id' cannot be null","service":"sms-backend","sql":"INSERT INTO user_roles (user_id, role_id) VALUES (LAST_INSERT_ID(), (SELECT id FROM roles WHERE name = ? LIMIT 1))","sqlMessage":"Column 'role_id' cannot be null","sqlState":"23000","stack":"Error: Column 'role_id' cannot be null\n    at PromisePoolConnection.execute (C:\\Users\\User\\Documents\\ORANGE\\PROJECT\\A I projects\\sms\\backend\\node_modules\\mysql2\\lib\\promise\\connection.js:47:22)\n    at executeTransaction (C:\\Users\\User\\Documents\\ORANGE\\PROJECT\\A I projects\\sms\\backend\\src\\config\\database.js:63:41)\n    at process.processTicksAndRejections (node:internal/process/task_queues:105:5)\n    at async createAdmin (C:\\Users\\User\\Documents\\ORANGE\\PROJECT\\A I projects\\sms\\backend\\src\\controllers\\adminController.js:244:5)","timestamp":"2025-07-23 15:44:24"}
{"level":"info","message":"::ffff:127.0.0.1 - - [23/Jul/2025:14:44:24 +0000] \"POST /api/admin HTTP/1.1\" 500 57 \"-\" \"Thunder Client (https://www.thunderclient.com)\"","service":"sms-backend","timestamp":"2025-07-23 15:44:24"}
{"level":"info","message":"Database connection pool created successfully","service":"sms-backend","timestamp":"2025-07-23 15:45:29"}
{"level":"info","message":"Database connected successfully","service":"sms-backend","timestamp":"2025-07-23 15:45:29"}
{"level":"info","message":"Server running on port 5000 in development mode","service":"sms-backend","timestamp":"2025-07-23 15:45:29"}
{"level":"info","message":"Database connection pool created successfully","service":"sms-backend","timestamp":"2025-07-23 15:45:47"}
{"level":"info","message":"Database connected successfully","service":"sms-backend","timestamp":"2025-07-23 15:45:47"}
{"level":"info","message":"Server running on port 5000 in development mode","service":"sms-backend","timestamp":"2025-07-23 15:45:47"}
{"level":"info","message":"Database connection pool created successfully","service":"sms-backend","timestamp":"2025-07-23 15:46:05"}
{"level":"info","message":"Database connected successfully","service":"sms-backend","timestamp":"2025-07-23 15:46:05"}
{"level":"info","message":"Server running on port 5000 in development mode","service":"sms-backend","timestamp":"2025-07-23 15:46:05"}
{"level":"info","message":"Database connection pool created successfully","service":"sms-backend","timestamp":"2025-07-23 15:46:17"}
{"level":"info","message":"Database connected successfully","service":"sms-backend","timestamp":"2025-07-23 15:46:17"}
{"level":"info","message":"Server running on port 5000 in development mode","service":"sms-backend","timestamp":"2025-07-23 15:46:17"}
{"level":"info","message":"::ffff:127.0.0.1 - - [23/Jul/2025:14:47:38 +0000] \"POST /api/admin HTTP/1.1\" 400 160 \"-\" \"Thunder Client (https://www.thunderclient.com)\"","service":"sms-backend","timestamp":"2025-07-23 15:47:38"}
{"level":"info","message":"Admin user created: gym@gmail.com by user system","service":"sms-backend","timestamp":"2025-07-23 15:48:01"}
{"level":"info","message":"::ffff:127.0.0.1 - - [23/Jul/2025:14:48:01 +0000] \"POST /api/admin HTTP/1.1\" 201 208 \"-\" \"Thunder Client (https://www.thunderclient.com)\"","service":"sms-backend","timestamp":"2025-07-23 15:48:01"}
{"level":"info","message":"Database connection pool created successfully","service":"sms-backend","timestamp":"2025-07-23 15:48:12"}
{"level":"info","message":"Database connected successfully","service":"sms-backend","timestamp":"2025-07-23 15:48:12"}
{"level":"info","message":"Server running on port 5000 in development mode","service":"sms-backend","timestamp":"2025-07-23 15:48:12"}
{"level":"error","message":"Authentication error: Invalid token","service":"sms-backend","stack":"Error: Invalid token\n    at verifyAccessToken (C:\\Users\\User\\Documents\\ORANGE\\PROJECT\\A I projects\\sms\\backend\\src\\utils\\jwt.js:63:13)\n    at authenticate (C:\\Users\\User\\Documents\\ORANGE\\PROJECT\\A I projects\\sms\\backend\\src\\middleware\\auth.js:22:21)\n    at newFn (C:\\Users\\User\\Documents\\ORANGE\\PROJECT\\A I projects\\sms\\backend\\node_modules\\express-async-errors\\index.js:16:20)\n    at Layer.handle [as handle_request] (C:\\Users\\User\\Documents\\ORANGE\\PROJECT\\A I projects\\sms\\backend\\node_modules\\express\\lib\\router\\layer.js:95:5)\n    at trim_prefix (C:\\Users\\User\\Documents\\ORANGE\\PROJECT\\A I projects\\sms\\backend\\node_modules\\express\\lib\\router\\index.js:328:13)\n    at C:\\Users\\User\\Documents\\ORANGE\\PROJECT\\A I projects\\sms\\backend\\node_modules\\express\\lib\\router\\index.js:286:9\n    at Function.process_params (C:\\Users\\User\\Documents\\ORANGE\\PROJECT\\A I projects\\sms\\backend\\node_modules\\express\\lib\\router\\index.js:346:12)\n    at next (C:\\Users\\User\\Documents\\ORANGE\\PROJECT\\A I projects\\sms\\backend\\node_modules\\express\\lib\\router\\index.js:280:10)\n    at Function.handle (C:\\Users\\User\\Documents\\ORANGE\\PROJECT\\A I projects\\sms\\backend\\node_modules\\express\\lib\\router\\index.js:175:3)\n    at router (C:\\Users\\User\\Documents\\ORANGE\\PROJECT\\A I projects\\sms\\backend\\node_modules\\express\\lib\\router\\index.js:47:12)","timestamp":"2025-07-23 15:48:23"}
{"level":"info","message":"::ffff:127.0.0.1 - - [23/Jul/2025:14:48:23 +0000] \"POST /api/admin HTTP/1.1\" 401 66 \"-\" \"Thunder Client (https://www.thunderclient.com)\"","service":"sms-backend","timestamp":"2025-07-23 15:48:23"}
{"error":"Table 'school_management_system.admins' doesn't exist","level":"error","message":"Database query error:","params":[2],"query":"SELECT * FROM admins WHERE user_id = ?","service":"sms-backend","timestamp":"2025-07-23 15:48:42"}
{"code":"ER_NO_SUCH_TABLE","errno":1146,"level":"error","message":"Login error: Table 'school_management_system.admins' doesn't exist","service":"sms-backend","sql":"SELECT * FROM admins WHERE user_id = ?","sqlMessage":"Table 'school_management_system.admins' doesn't exist","sqlState":"42S02","stack":"Error: Table 'school_management_system.admins' doesn't exist\n    at PromisePool.execute (C:\\Users\\User\\Documents\\ORANGE\\PROJECT\\A I projects\\sms\\backend\\node_modules\\mysql2\\lib\\promise\\pool.js:54:22)\n    at executeQuery (C:\\Users\\User\\Documents\\ORANGE\\PROJECT\\A I projects\\sms\\backend\\src\\config\\database.js:48:31)\n    at login (C:\\Users\\User\\Documents\\ORANGE\\PROJECT\\A I projects\\sms\\backend\\src\\controllers\\authController.js:87:30)\n    at process.processTicksAndRejections (node:internal/process/task_queues:105:5)","timestamp":"2025-07-23 15:48:42"}
{"level":"info","message":"::1 - - [23/Jul/2025:14:48:42 +0000] \"POST /api/auth/login HTTP/1.1\" 500 42 \"http://localhost:3000/\" \"Mozilla/5.0 (Windows NT 10.0; Win64; x64) AppleWebKit/537.36 (KHTML, like Gecko) Chrome/138.0.0.0 Safari/537.36\"","service":"sms-backend","timestamp":"2025-07-23 15:48:42"}
{"error":"Table 'school_management_system.admins' doesn't exist","level":"error","message":"Database query error:","params":[2],"query":"SELECT * FROM admins WHERE user_id = ?","service":"sms-backend","timestamp":"2025-07-23 15:48:46"}
{"code":"ER_NO_SUCH_TABLE","errno":1146,"level":"error","message":"Login error: Table 'school_management_system.admins' doesn't exist","service":"sms-backend","sql":"SELECT * FROM admins WHERE user_id = ?","sqlMessage":"Table 'school_management_system.admins' doesn't exist","sqlState":"42S02","stack":"Error: Table 'school_management_system.admins' doesn't exist\n    at PromisePool.execute (C:\\Users\\User\\Documents\\ORANGE\\PROJECT\\A I projects\\sms\\backend\\node_modules\\mysql2\\lib\\promise\\pool.js:54:22)\n    at executeQuery (C:\\Users\\User\\Documents\\ORANGE\\PROJECT\\A I projects\\sms\\backend\\src\\config\\database.js:48:31)\n    at login (C:\\Users\\User\\Documents\\ORANGE\\PROJECT\\A I projects\\sms\\backend\\src\\controllers\\authController.js:87:30)\n    at process.processTicksAndRejections (node:internal/process/task_queues:105:5)","timestamp":"2025-07-23 15:48:46"}
{"level":"info","message":"::1 - - [23/Jul/2025:14:48:46 +0000] \"POST /api/auth/login HTTP/1.1\" 500 42 \"http://localhost:3000/\" \"Mozilla/5.0 (Windows NT 10.0; Win64; x64) AppleWebKit/537.36 (KHTML, like Gecko) Chrome/138.0.0.0 Safari/537.36\"","service":"sms-backend","timestamp":"2025-07-23 15:48:46"}
{"level":"info","message":"::1 - - [23/Jul/2025:14:48:51 +0000] \"POST /api/auth/login HTTP/1.1\" 401 55 \"http://localhost:3000/\" \"Mozilla/5.0 (Windows NT 10.0; Win64; x64) AppleWebKit/537.36 (KHTML, like Gecko) Chrome/138.0.0.0 Safari/537.36\"","service":"sms-backend","timestamp":"2025-07-23 15:48:51"}
{"level":"info","message":"Database connection pool created successfully","service":"sms-backend","timestamp":"2025-07-23 15:49:16"}
{"level":"info","message":"Database connected successfully","service":"sms-backend","timestamp":"2025-07-23 15:49:16"}
{"level":"info","message":"Server running on port 5000 in development mode","service":"sms-backend","timestamp":"2025-07-23 15:49:16"}
{"error":"Table 'school_management_system.admins' doesn't exist","level":"error","message":"Database query error:","params":[2],"query":"SELECT * FROM admins WHERE user_id = ?","service":"sms-backend","timestamp":"2025-07-23 15:49:31"}
{"code":"ER_NO_SUCH_TABLE","errno":1146,"level":"error","message":"Login error: Table 'school_management_system.admins' doesn't exist","service":"sms-backend","sql":"SELECT * FROM admins WHERE user_id = ?","sqlMessage":"Table 'school_management_system.admins' doesn't exist","sqlState":"42S02","stack":"Error: Table 'school_management_system.admins' doesn't exist\n    at PromisePool.execute (C:\\Users\\User\\Documents\\ORANGE\\PROJECT\\A I projects\\sms\\backend\\node_modules\\mysql2\\lib\\promise\\pool.js:54:22)\n    at executeQuery (C:\\Users\\User\\Documents\\ORANGE\\PROJECT\\A I projects\\sms\\backend\\src\\config\\database.js:48:31)\n    at login (C:\\Users\\User\\Documents\\ORANGE\\PROJECT\\A I projects\\sms\\backend\\src\\controllers\\authController.js:87:30)\n    at process.processTicksAndRejections (node:internal/process/task_queues:105:5)","timestamp":"2025-07-23 15:49:31"}
{"level":"info","message":"::1 - - [23/Jul/2025:14:49:31 +0000] \"POST /api/auth/login HTTP/1.1\" 500 42 \"http://localhost:3000/\" \"Mozilla/5.0 (Windows NT 10.0; Win64; x64) AppleWebKit/537.36 (KHTML, like Gecko) Chrome/138.0.0.0 Safari/537.36\"","service":"sms-backend","timestamp":"2025-07-23 15:49:31"}
{"level":"info","message":"Database connection pool created successfully","service":"sms-backend","timestamp":"2025-07-23 15:52:45"}
{"level":"info","message":"Database connected successfully","service":"sms-backend","timestamp":"2025-07-23 15:52:45"}
{"level":"info","message":"Server running on port 5000 in development mode","service":"sms-backend","timestamp":"2025-07-23 15:52:45"}
{"level":"info","message":"Database connection pool created successfully","service":"sms-backend","timestamp":"2025-07-23 15:53:30"}
{"level":"info","message":"Database connected successfully","service":"sms-backend","timestamp":"2025-07-23 15:53:30"}
{"level":"info","message":"Server running on port 5000 in development mode","service":"sms-backend","timestamp":"2025-07-23 15:53:30"}
{"level":"info","message":"Database connection pool created successfully","service":"sms-backend","timestamp":"2025-07-23 15:53:45"}
{"level":"info","message":"Database connected successfully","service":"sms-backend","timestamp":"2025-07-23 15:53:45"}
{"level":"info","message":"Server running on port 5000 in development mode","service":"sms-backend","timestamp":"2025-07-23 15:53:45"}
{"level":"info","message":"User gym@gmail.com logged in successfully","service":"sms-backend","timestamp":"2025-07-23 15:53:54"}
{"level":"info","message":"::1 - - [23/Jul/2025:14:53:54 +0000] \"POST /api/auth/login HTTP/1.1\" 200 846 \"http://localhost:3000/\" \"Mozilla/5.0 (Windows NT 10.0; Win64; x64) AppleWebKit/537.36 (KHTML, like Gecko) Chrome/138.0.0.0 Safari/537.36\"","service":"sms-backend","timestamp":"2025-07-23 15:53:54"}
{"error":"Unknown column 'date' in 'where clause'","level":"error","message":"Database query error:","params":["2025-07-23"],"query":"\n      SELECT\n        COUNT(*) as total_records,\n        SUM(CASE WHEN status = 'present' THEN 1 ELSE 0 END) as present_count,\n        SUM(CASE WHEN status = 'absent' THEN 1 ELSE 0 END) as absent_count,\n        SUM(CASE WHEN status = 'late' THEN 1 ELSE 0 END) as late_count\n      FROM attendance\n      WHERE date = ?\n    ","service":"sms-backend","timestamp":"2025-07-23 15:55:33"}
{"level":"info","message":"::1 - - [23/Jul/2025:14:55:33 +0000] \"GET /api/analytics/dashboard HTTP/1.1\" 500 113 \"http://localhost:3000/\" \"Mozilla/5.0 (Windows NT 10.0; Win64; x64) AppleWebKit/537.36 (KHTML, like Gecko) Chrome/138.0.0.0 Safari/537.36\"","service":"sms-backend","timestamp":"2025-07-23 15:55:33"}
{"error":"Unknown column 'date' in 'where clause'","level":"error","message":"Database query error:","params":["2025-07-23"],"query":"\n      SELECT\n        COUNT(*) as total_records,\n        SUM(CASE WHEN status = 'present' THEN 1 ELSE 0 END) as present_count,\n        SUM(CASE WHEN status = 'absent' THEN 1 ELSE 0 END) as absent_count,\n        SUM(CASE WHEN status = 'late' THEN 1 ELSE 0 END) as late_count\n      FROM attendance\n      WHERE date = ?\n    ","service":"sms-backend","timestamp":"2025-07-23 15:55:33"}
{"level":"info","message":"::1 - - [23/Jul/2025:14:55:33 +0000] \"GET /api/analytics/dashboard HTTP/1.1\" 500 113 \"http://localhost:3000/\" \"Mozilla/5.0 (Windows NT 10.0; Win64; x64) AppleWebKit/537.36 (KHTML, like Gecko) Chrome/138.0.0.0 Safari/537.36\"","service":"sms-backend","timestamp":"2025-07-23 15:55:33"}
{"error":"Unknown column 'date' in 'where clause'","level":"error","message":"Database query error:","params":["2025-07-23"],"query":"\n      SELECT\n        COUNT(*) as total_records,\n        SUM(CASE WHEN status = 'present' THEN 1 ELSE 0 END) as present_count,\n        SUM(CASE WHEN status = 'absent' THEN 1 ELSE 0 END) as absent_count,\n        SUM(CASE WHEN status = 'late' THEN 1 ELSE 0 END) as late_count\n      FROM attendance\n      WHERE date = ?\n    ","service":"sms-backend","timestamp":"2025-07-23 15:56:21"}
{"level":"info","message":"::1 - - [23/Jul/2025:14:56:21 +0000] \"GET /api/analytics/dashboard HTTP/1.1\" 500 113 \"http://localhost:3000/\" \"Mozilla/5.0 (Windows NT 10.0; Win64; x64) AppleWebKit/537.36 (KHTML, like Gecko) Chrome/138.0.0.0 Safari/537.36\"","service":"sms-backend","timestamp":"2025-07-23 15:56:21"}
{"error":"Table 'school_management_system.admins' doesn't exist","level":"error","message":"Database query error:","params":[2],"query":"SELECT * FROM admins WHERE user_id = ?","service":"sms-backend","timestamp":"2025-07-23 15:56:45"}
{"code":"ER_NO_SUCH_TABLE","errno":1146,"level":"error","message":"Get profile error: Table 'school_management_system.admins' doesn't exist","service":"sms-backend","sql":"SELECT * FROM admins WHERE user_id = ?","sqlMessage":"Table 'school_management_system.admins' doesn't exist","sqlState":"42S02","stack":"Error: Table 'school_management_system.admins' doesn't exist\n    at PromisePool.execute (C:\\Users\\User\\Documents\\ORANGE\\PROJECT\\A I projects\\sms\\backend\\node_modules\\mysql2\\lib\\promise\\pool.js:54:22)\n    at executeQuery (C:\\Users\\User\\Documents\\ORANGE\\PROJECT\\A I projects\\sms\\backend\\src\\config\\database.js:48:31)\n    at getProfile (C:\\Users\\User\\Documents\\ORANGE\\PROJECT\\A I projects\\sms\\backend\\src\\controllers\\authController.js:255:30)\n    at process.processTicksAndRejections (node:internal/process/task_queues:105:5)","timestamp":"2025-07-23 15:56:45"}
{"level":"info","message":"::1 - - [23/Jul/2025:14:56:45 +0000] \"GET /api/auth/profile HTTP/1.1\" 500 51 \"http://localhost:3000/\" \"Mozilla/5.0 (Windows NT 10.0; Win64; x64) AppleWebKit/537.36 (KHTML, like Gecko) Chrome/138.0.0.0 Safari/537.36\"","service":"sms-backend","timestamp":"2025-07-23 15:56:45"}
{"level":"info","message":"User gym@gmail.com logged in successfully","service":"sms-backend","timestamp":"2025-07-23 16:03:53"}
{"level":"info","message":"::1 - - [23/Jul/2025:15:03:53 +0000] \"POST /api/auth/login HTTP/1.1\" 200 846 \"http://localhost:3000/\" \"Mozilla/5.0 (Windows NT 10.0; Win64; x64) AppleWebKit/537.36 (KHTML, like Gecko) Chrome/138.0.0.0 Safari/537.36\"","service":"sms-backend","timestamp":"2025-07-23 16:03:53"}
{"error":"Unknown column 'date' in 'where clause'","level":"error","message":"Database query error:","params":["2025-07-23"],"query":"\n      SELECT\n        COUNT(*) as total_records,\n        SUM(CASE WHEN status = 'present' THEN 1 ELSE 0 END) as present_count,\n        SUM(CASE WHEN status = 'absent' THEN 1 ELSE 0 END) as absent_count,\n        SUM(CASE WHEN status = 'late' THEN 1 ELSE 0 END) as late_count\n      FROM attendance\n      WHERE date = ?\n    ","service":"sms-backend","timestamp":"2025-07-23 16:03:53"}
{"level":"info","message":"::1 - - [23/Jul/2025:15:03:53 +0000] \"GET /api/analytics/dashboard HTTP/1.1\" 500 113 \"http://localhost:3000/\" \"Mozilla/5.0 (Windows NT 10.0; Win64; x64) AppleWebKit/537.36 (KHTML, like Gecko) Chrome/138.0.0.0 Safari/537.36\"","service":"sms-backend","timestamp":"2025-07-23 16:03:53"}
{"error":"Unknown column 'date' in 'where clause'","level":"error","message":"Database query error:","params":["2025-07-23"],"query":"\n      SELECT\n        COUNT(*) as total_records,\n        SUM(CASE WHEN status = 'present' THEN 1 ELSE 0 END) as present_count,\n        SUM(CASE WHEN status = 'absent' THEN 1 ELSE 0 END) as absent_count,\n        SUM(CASE WHEN status = 'late' THEN 1 ELSE 0 END) as late_count\n      FROM attendance\n      WHERE date = ?\n    ","service":"sms-backend","timestamp":"2025-07-23 16:03:53"}
{"level":"info","message":"::1 - - [23/Jul/2025:15:03:53 +0000] \"GET /api/analytics/dashboard HTTP/1.1\" 500 113 \"http://localhost:3000/\" \"Mozilla/5.0 (Windows NT 10.0; Win64; x64) AppleWebKit/537.36 (KHTML, like Gecko) Chrome/138.0.0.0 Safari/537.36\"","service":"sms-backend","timestamp":"2025-07-23 16:03:53"}
{"error":"Table 'school_management_system.admins' doesn't exist","level":"error","message":"Database query error:","params":[2],"query":"SELECT * FROM admins WHERE user_id = ?","service":"sms-backend","timestamp":"2025-07-23 16:04:17"}
{"code":"ER_NO_SUCH_TABLE","errno":1146,"level":"error","message":"Get profile error: Table 'school_management_system.admins' doesn't exist","service":"sms-backend","sql":"SELECT * FROM admins WHERE user_id = ?","sqlMessage":"Table 'school_management_system.admins' doesn't exist","sqlState":"42S02","stack":"Error: Table 'school_management_system.admins' doesn't exist\n    at PromisePool.execute (C:\\Users\\User\\Documents\\ORANGE\\PROJECT\\A I projects\\sms\\backend\\node_modules\\mysql2\\lib\\promise\\pool.js:54:22)\n    at executeQuery (C:\\Users\\User\\Documents\\ORANGE\\PROJECT\\A I projects\\sms\\backend\\src\\config\\database.js:48:31)\n    at getProfile (C:\\Users\\User\\Documents\\ORANGE\\PROJECT\\A I projects\\sms\\backend\\src\\controllers\\authController.js:255:30)\n    at process.processTicksAndRejections (node:internal/process/task_queues:105:5)","timestamp":"2025-07-23 16:04:17"}
{"level":"info","message":"::1 - - [23/Jul/2025:15:04:17 +0000] \"GET /api/auth/profile HTTP/1.1\" 500 51 \"http://localhost:3000/\" \"Mozilla/5.0 (Windows NT 10.0; Win64; x64) AppleWebKit/537.36 (KHTML, like Gecko) Chrome/138.0.0.0 Safari/537.36\"","service":"sms-backend","timestamp":"2025-07-23 16:04:17"}
{"level":"info","message":"User gym@gmail.com logged in successfully","service":"sms-backend","timestamp":"2025-07-23 16:23:39"}
{"level":"info","message":"::1 - - [23/Jul/2025:15:23:39 +0000] \"POST /api/auth/login HTTP/1.1\" 200 846 \"http://localhost:3000/\" \"Mozilla/5.0 (Windows NT 10.0; Win64; x64) AppleWebKit/537.36 (KHTML, like Gecko) Chrome/138.0.0.0 Safari/537.36\"","service":"sms-backend","timestamp":"2025-07-23 16:23:39"}
{"error":"Unknown column 'date' in 'where clause'","level":"error","message":"Database query error:","params":["2025-07-23"],"query":"\n      SELECT\n        COUNT(*) as total_records,\n        SUM(CASE WHEN status = 'present' THEN 1 ELSE 0 END) as present_count,\n        SUM(CASE WHEN status = 'absent' THEN 1 ELSE 0 END) as absent_count,\n        SUM(CASE WHEN status = 'late' THEN 1 ELSE 0 END) as late_count\n      FROM attendance\n      WHERE date = ?\n    ","service":"sms-backend","timestamp":"2025-07-23 16:23:39"}
{"level":"info","message":"::1 - - [23/Jul/2025:15:23:39 +0000] \"GET /api/analytics/dashboard HTTP/1.1\" 500 113 \"http://localhost:3000/\" \"Mozilla/5.0 (Windows NT 10.0; Win64; x64) AppleWebKit/537.36 (KHTML, like Gecko) Chrome/138.0.0.0 Safari/537.36\"","service":"sms-backend","timestamp":"2025-07-23 16:23:39"}
{"error":"Unknown column 'date' in 'where clause'","level":"error","message":"Database query error:","params":["2025-07-23"],"query":"\n      SELECT\n        COUNT(*) as total_records,\n        SUM(CASE WHEN status = 'present' THEN 1 ELSE 0 END) as present_count,\n        SUM(CASE WHEN status = 'absent' THEN 1 ELSE 0 END) as absent_count,\n        SUM(CASE WHEN status = 'late' THEN 1 ELSE 0 END) as late_count\n      FROM attendance\n      WHERE date = ?\n    ","service":"sms-backend","timestamp":"2025-07-23 16:23:39"}
{"level":"info","message":"::1 - - [23/Jul/2025:15:23:39 +0000] \"GET /api/analytics/dashboard HTTP/1.1\" 500 113 \"http://localhost:3000/\" \"Mozilla/5.0 (Windows NT 10.0; Win64; x64) AppleWebKit/537.36 (KHTML, like Gecko) Chrome/138.0.0.0 Safari/537.36\"","service":"sms-backend","timestamp":"2025-07-23 16:23:39"}
{"level":"info","message":"Database connection pool created successfully","service":"sms-backend","timestamp":"2025-07-23 16:25:42"}
{"level":"info","message":"Database connected successfully","service":"sms-backend","timestamp":"2025-07-23 16:25:42"}
{"level":"info","message":"Server running on port 5000 in development mode","service":"sms-backend","timestamp":"2025-07-23 16:25:42"}
{"level":"info","message":"Database connection pool created successfully","service":"sms-backend","timestamp":"2025-07-23 16:26:06"}
{"level":"info","message":"Database connected successfully","service":"sms-backend","timestamp":"2025-07-23 16:26:06"}
{"level":"info","message":"Server running on port 5000 in development mode","service":"sms-backend","timestamp":"2025-07-23 16:26:06"}
{"level":"info","message":"Database connection pool created successfully","service":"sms-backend","timestamp":"2025-07-23 16:27:41"}
{"level":"info","message":"Database connected successfully","service":"sms-backend","timestamp":"2025-07-23 16:27:41"}
{"level":"info","message":"Server running on port 5000 in development mode","service":"sms-backend","timestamp":"2025-07-23 16:27:41"}
{"error":"Table 'school_management_system.admins' doesn't exist","level":"error","message":"Database query error:","params":[2],"query":"SELECT * FROM admins WHERE user_id = ?","service":"sms-backend","timestamp":"2025-07-23 16:44:35"}
{"code":"ER_NO_SUCH_TABLE","errno":1146,"level":"error","message":"Get profile error: Table 'school_management_system.admins' doesn't exist","service":"sms-backend","sql":"SELECT * FROM admins WHERE user_id = ?","sqlMessage":"Table 'school_management_system.admins' doesn't exist","sqlState":"42S02","stack":"Error: Table 'school_management_system.admins' doesn't exist\n    at PromisePool.execute (C:\\Users\\User\\Documents\\ORANGE\\PROJECT\\A I projects\\sms\\backend\\node_modules\\mysql2\\lib\\promise\\pool.js:54:22)\n    at executeQuery (C:\\Users\\User\\Documents\\ORANGE\\PROJECT\\A I projects\\sms\\backend\\src\\config\\database.js:48:31)\n    at getProfile (C:\\Users\\User\\Documents\\ORANGE\\PROJECT\\A I projects\\sms\\backend\\src\\controllers\\authController.js:255:30)\n    at process.processTicksAndRejections (node:internal/process/task_queues:105:5)","timestamp":"2025-07-23 16:44:35"}
{"level":"info","message":"::1 - - [23/Jul/2025:15:44:35 +0000] \"GET /api/auth/profile HTTP/1.1\" 500 51 \"http://localhost:3000/\" \"Mozilla/5.0 (Windows NT 10.0; Win64; x64) AppleWebKit/537.36 (KHTML, like Gecko) Chrome/138.0.0.0 Safari/537.36\"","service":"sms-backend","timestamp":"2025-07-23 16:44:35"}
{"level":"info","message":"User gym@gmail.com logged in successfully","service":"sms-backend","timestamp":"2025-07-23 16:44:46"}
{"level":"info","message":"::1 - - [23/Jul/2025:15:44:46 +0000] \"POST /api/auth/login HTTP/1.1\" 200 846 \"http://localhost:3000/\" \"Mozilla/5.0 (Windows NT 10.0; Win64; x64) AppleWebKit/537.36 (KHTML, like Gecko) Chrome/138.0.0.0 Safari/537.36\"","service":"sms-backend","timestamp":"2025-07-23 16:44:46"}
{"error":"Unknown column 'date' in 'where clause'","level":"error","message":"Database query error:","params":["2025-07-23"],"query":"\n        SELECT\n          COUNT(*) as total_records,\n          SUM(CASE WHEN status = 'present' THEN 1 ELSE 0 END) as present_count,\n          SUM(CASE WHEN status = 'absent' THEN 1 ELSE 0 END) as absent_count,\n          SUM(CASE WHEN status = 'late' THEN 1 ELSE 0 END) as late_count\n        FROM attendance\n        WHERE date = ?\n      ","service":"sms-backend","timestamp":"2025-07-23 16:44:46"}
{"error":"Unknown column 'type' in 'field list'","level":"error","message":"Database query error:","params":[],"query":"\n        SELECT title, start_date, start_time, type, location\n        FROM events\n        WHERE start_date >= CURDATE() AND status = 'active'\n        ORDER BY start_date ASC, start_time ASC\n        LIMIT 5\n      ","service":"sms-backend","timestamp":"2025-07-23 16:44:46"}
{"level":"info","message":"::1 - - [23/Jul/2025:15:44:46 +0000] \"GET /api/analytics/dashboard HTTP/1.1\" 200 367 \"http://localhost:3000/\" \"Mozilla/5.0 (Windows NT 10.0; Win64; x64) AppleWebKit/537.36 (KHTML, like Gecko) Chrome/138.0.0.0 Safari/537.36\"","service":"sms-backend","timestamp":"2025-07-23 16:44:46"}
{"error":"Unknown column 'date' in 'where clause'","level":"error","message":"Database query error:","params":["2025-07-23"],"query":"\n        SELECT\n          COUNT(*) as total_records,\n          SUM(CASE WHEN status = 'present' THEN 1 ELSE 0 END) as present_count,\n          SUM(CASE WHEN status = 'absent' THEN 1 ELSE 0 END) as absent_count,\n          SUM(CASE WHEN status = 'late' THEN 1 ELSE 0 END) as late_count\n        FROM attendance\n        WHERE date = ?\n      ","service":"sms-backend","timestamp":"2025-07-23 16:44:46"}
{"error":"Unknown column 'type' in 'field list'","level":"error","message":"Database query error:","params":[],"query":"\n        SELECT title, start_date, start_time, type, location\n        FROM events\n        WHERE start_date >= CURDATE() AND status = 'active'\n        ORDER BY start_date ASC, start_time ASC\n        LIMIT 5\n      ","service":"sms-backend","timestamp":"2025-07-23 16:44:46"}
{"level":"info","message":"::1 - - [23/Jul/2025:15:44:46 +0000] \"GET /api/analytics/dashboard HTTP/1.1\" 304 - \"http://localhost:3000/\" \"Mozilla/5.0 (Windows NT 10.0; Win64; x64) AppleWebKit/537.36 (KHTML, like Gecko) Chrome/138.0.0.0 Safari/537.36\"","service":"sms-backend","timestamp":"2025-07-23 16:44:46"}
{"level":"info","message":"::1 - - [23/Jul/2025:15:45:03 +0000] \"GET /api/students?page=1&limit=10&search=&sort_by=first_name&sort_order=asc HTTP/1.1\" 400 138 \"http://localhost:3000/\" \"Mozilla/5.0 (Windows NT 10.0; Win64; x64) AppleWebKit/537.36 (KHTML, like Gecko) Chrome/138.0.0.0 Safari/537.36\"","service":"sms-backend","timestamp":"2025-07-23 16:45:03"}
{"level":"info","message":"::1 - - [23/Jul/2025:15:45:03 +0000] \"GET /api/students?page=1&limit=10&search=&sort_by=first_name&sort_order=asc HTTP/1.1\" 400 138 \"http://localhost:3000/\" \"Mozilla/5.0 (Windows NT 10.0; Win64; x64) AppleWebKit/537.36 (KHTML, like Gecko) Chrome/138.0.0.0 Safari/537.36\"","service":"sms-backend","timestamp":"2025-07-23 16:45:03"}
{"level":"info","message":"::1 - - [23/Jul/2025:15:46:49 +0000] \"POST /api/students HTTP/1.1\" 400 655 \"http://localhost:3000/\" \"Mozilla/5.0 (Windows NT 10.0; Win64; x64) AppleWebKit/537.36 (KHTML, like Gecko) Chrome/138.0.0.0 Safari/537.36\"","service":"sms-backend","timestamp":"2025-07-23 16:46:49"}
{"level":"info","message":"Database connection pool created successfully","service":"sms-backend","timestamp":"2025-07-23 16:50:26"}
{"level":"info","message":"Database connected successfully","service":"sms-backend","timestamp":"2025-07-23 16:50:26"}
{"level":"info","message":"Server running on port 5000 in development mode","service":"sms-backend","timestamp":"2025-07-23 16:50:26"}
{"level":"info","message":"Database connection pool created successfully","service":"sms-backend","timestamp":"2025-07-23 16:50:54"}
{"level":"info","message":"Database connected successfully","service":"sms-backend","timestamp":"2025-07-23 16:50:54"}
{"level":"info","message":"Server running on port 5000 in development mode","service":"sms-backend","timestamp":"2025-07-23 16:50:54"}
{"level":"info","message":"Database connection pool created successfully","service":"sms-backend","timestamp":"2025-07-23 16:51:11"}
{"level":"info","message":"Database connected successfully","service":"sms-backend","timestamp":"2025-07-23 16:51:11"}
{"level":"info","message":"Server running on port 5000 in development mode","service":"sms-backend","timestamp":"2025-07-23 16:51:11"}
{"level":"info","message":"Database connection pool created successfully","service":"sms-backend","timestamp":"2025-07-23 16:52:13"}
{"level":"info","message":"Database connected successfully","service":"sms-backend","timestamp":"2025-07-23 16:52:13"}
{"level":"info","message":"Server running on port 5000 in development mode","service":"sms-backend","timestamp":"2025-07-23 16:52:13"}
{"level":"info","message":"::1 - - [23/Jul/2025:16:02:20 +0000] \"POST /api/students HTTP/1.1\" 400 655 \"http://localhost:3000/\" \"Mozilla/5.0 (Windows NT 10.0; Win64; x64) AppleWebKit/537.36 (KHTML, like Gecko) Chrome/138.0.0.0 Safari/537.36\"","service":"sms-backend","timestamp":"2025-07-23 17:02:20"}
{"error":"Table 'school_management_system.admins' doesn't exist","level":"error","message":"Database query error:","params":[2],"query":"SELECT * FROM admins WHERE user_id = ?","service":"sms-backend","timestamp":"2025-07-23 17:03:05"}
{"code":"ER_NO_SUCH_TABLE","errno":1146,"level":"error","message":"Get profile error: Table 'school_management_system.admins' doesn't exist","service":"sms-backend","sql":"SELECT * FROM admins WHERE user_id = ?","sqlMessage":"Table 'school_management_system.admins' doesn't exist","sqlState":"42S02","stack":"Error: Table 'school_management_system.admins' doesn't exist\n    at PromisePool.execute (C:\\Users\\User\\Documents\\ORANGE\\PROJECT\\A I projects\\sms\\backend\\node_modules\\mysql2\\lib\\promise\\pool.js:54:22)\n    at executeQuery (C:\\Users\\User\\Documents\\ORANGE\\PROJECT\\A I projects\\sms\\backend\\src\\config\\database.js:48:31)\n    at getProfile (C:\\Users\\User\\Documents\\ORANGE\\PROJECT\\A I projects\\sms\\backend\\src\\controllers\\authController.js:255:30)\n    at process.processTicksAndRejections (node:internal/process/task_queues:105:5)","timestamp":"2025-07-23 17:03:05"}
{"level":"info","message":"::1 - - [23/Jul/2025:16:03:05 +0000] \"GET /api/auth/profile HTTP/1.1\" 500 51 \"http://localhost:3000/\" \"Mozilla/5.0 (Linux; Android 6.0; Nexus 5 Build/MRA58N) AppleWebKit/537.36 (KHTML, like Gecko) Chrome/138.0.0.0 Mobile Safari/537.36\"","service":"sms-backend","timestamp":"2025-07-23 17:03:05"}
{"level":"info","message":"User gym@gmail.com logged in successfully","service":"sms-backend","timestamp":"2025-07-23 17:03:17"}
{"level":"info","message":"::1 - - [23/Jul/2025:16:03:17 +0000] \"POST /api/auth/login HTTP/1.1\" 200 846 \"http://localhost:3000/\" \"Mozilla/5.0 (Linux; Android 6.0; Nexus 5 Build/MRA58N) AppleWebKit/537.36 (KHTML, like Gecko) Chrome/138.0.0.0 Mobile Safari/537.36\"","service":"sms-backend","timestamp":"2025-07-23 17:03:17"}
{"error":"Unknown column 'date' in 'where clause'","level":"error","message":"Database query error:","params":["2025-07-23"],"query":"\n        SELECT\n          COUNT(*) as total_records,\n          SUM(CASE WHEN status = 'present' THEN 1 ELSE 0 END) as present_count,\n          SUM(CASE WHEN status = 'absent' THEN 1 ELSE 0 END) as absent_count,\n          SUM(CASE WHEN status = 'late' THEN 1 ELSE 0 END) as late_count\n        FROM attendance\n        WHERE date = ?\n      ","service":"sms-backend","timestamp":"2025-07-23 17:03:18"}
{"error":"Unknown column 'type' in 'field list'","level":"error","message":"Database query error:","params":[],"query":"\n        SELECT title, start_date, start_time, type, location\n        FROM events\n        WHERE start_date >= CURDATE() AND status = 'active'\n        ORDER BY start_date ASC, start_time ASC\n        LIMIT 5\n      ","service":"sms-backend","timestamp":"2025-07-23 17:03:18"}
{"level":"info","message":"::1 - - [23/Jul/2025:16:03:18 +0000] \"GET /api/analytics/dashboard HTTP/1.1\" 304 - \"http://localhost:3000/\" \"Mozilla/5.0 (Linux; Android 6.0; Nexus 5 Build/MRA58N) AppleWebKit/537.36 (KHTML, like Gecko) Chrome/138.0.0.0 Mobile Safari/537.36\"","service":"sms-backend","timestamp":"2025-07-23 17:03:18"}
{"error":"Unknown column 'date' in 'where clause'","level":"error","message":"Database query error:","params":["2025-07-23"],"query":"\n        SELECT\n          COUNT(*) as total_records,\n          SUM(CASE WHEN status = 'present' THEN 1 ELSE 0 END) as present_count,\n          SUM(CASE WHEN status = 'absent' THEN 1 ELSE 0 END) as absent_count,\n          SUM(CASE WHEN status = 'late' THEN 1 ELSE 0 END) as late_count\n        FROM attendance\n        WHERE date = ?\n      ","service":"sms-backend","timestamp":"2025-07-23 17:03:18"}
{"error":"Unknown column 'type' in 'field list'","level":"error","message":"Database query error:","params":[],"query":"\n        SELECT title, start_date, start_time, type, location\n        FROM events\n        WHERE start_date >= CURDATE() AND status = 'active'\n        ORDER BY start_date ASC, start_time ASC\n        LIMIT 5\n      ","service":"sms-backend","timestamp":"2025-07-23 17:03:18"}
{"level":"info","message":"::1 - - [23/Jul/2025:16:03:18 +0000] \"GET /api/analytics/dashboard HTTP/1.1\" 304 - \"http://localhost:3000/\" \"Mozilla/5.0 (Linux; Android 6.0; Nexus 5 Build/MRA58N) AppleWebKit/537.36 (KHTML, like Gecko) Chrome/138.0.0.0 Mobile Safari/537.36\"","service":"sms-backend","timestamp":"2025-07-23 17:03:18"}
{"error":"Table 'school_management_system.admins' doesn't exist","level":"error","message":"Database query error:","params":[2],"query":"SELECT * FROM admins WHERE user_id = ?","service":"sms-backend","timestamp":"2025-07-23 17:03:22"}
{"code":"ER_NO_SUCH_TABLE","errno":1146,"level":"error","message":"Get profile error: Table 'school_management_system.admins' doesn't exist","service":"sms-backend","sql":"SELECT * FROM admins WHERE user_id = ?","sqlMessage":"Table 'school_management_system.admins' doesn't exist","sqlState":"42S02","stack":"Error: Table 'school_management_system.admins' doesn't exist\n    at PromisePool.execute (C:\\Users\\User\\Documents\\ORANGE\\PROJECT\\A I projects\\sms\\backend\\node_modules\\mysql2\\lib\\promise\\pool.js:54:22)\n    at executeQuery (C:\\Users\\User\\Documents\\ORANGE\\PROJECT\\A I projects\\sms\\backend\\src\\config\\database.js:48:31)\n    at getProfile (C:\\Users\\User\\Documents\\ORANGE\\PROJECT\\A I projects\\sms\\backend\\src\\controllers\\authController.js:255:30)\n    at process.processTicksAndRejections (node:internal/process/task_queues:105:5)","timestamp":"2025-07-23 17:03:22"}
{"level":"info","message":"::1 - - [23/Jul/2025:16:03:22 +0000] \"GET /api/auth/profile HTTP/1.1\" 500 51 \"http://localhost:3000/\" \"Mozilla/5.0 (Linux; Android 6.0; Nexus 5 Build/MRA58N) AppleWebKit/537.36 (KHTML, like Gecko) Chrome/138.0.0.0 Mobile Safari/537.36\"","service":"sms-backend","timestamp":"2025-07-23 17:03:22"}
{"level":"info","message":"SIGINT received. Shutting down gracefully...","service":"sms-backend","timestamp":"2025-07-23 17:24:07"}
